  BTVectorBased.cpp
C:\Users\saleh\source\repos\CS244_TreeADT_VectorBased\CS244_TreeADT_VectorBased\BTVectorBased.h(114,14): warning C4244: 'initializing': conversion from 'double' to 'int', possible loss of data
C:\Users\saleh\source\repos\CS244_TreeADT_VectorBased\CS244_TreeADT_VectorBased\BTVectorBased.h(108): message : while compiling class template member function 'void VectorTree<std::string>::printTreeLevel(const std::_Vector_iterator<std::_Vector_val<std::_Simple_types<_Ty>>> &)'
          with
          [
              _Ty=std::string
          ]
C:\Users\saleh\source\repos\CS244_TreeADT_VectorBased\CS244_TreeADT_VectorBased\BTVectorBased.cpp(61): message : see reference to function template instantiation 'void VectorTree<std::string>::printTreeLevel(const std::_Vector_iterator<std::_Vector_val<std::_Simple_types<_Ty>>> &)' being compiled
          with
          [
              _Ty=std::string
          ]
C:\Users\saleh\source\repos\CS244_TreeADT_VectorBased\CS244_TreeADT_VectorBased\BTVectorBased.cpp(22): message : see reference to class template instantiation 'VectorTree<std::string>' being compiled
C:\Users\saleh\source\repos\CS244_TreeADT_VectorBased\CS244_TreeADT_VectorBased\BTVectorBased.h(102,16): warning C4018: '<=': signed/unsigned mismatch
C:\Users\saleh\source\repos\CS244_TreeADT_VectorBased\CS244_TreeADT_VectorBased\BTVectorBased.h(100): message : while compiling class template member function 'void VectorTree<std::string>::addAsright(const std::_Vector_iterator<std::_Vector_val<std::_Simple_types<_Ty>>> &,const E &)'
          with
          [
              _Ty=std::string,
              E=std::string
          ]
C:\Users\saleh\source\repos\CS244_TreeADT_VectorBased\CS244_TreeADT_VectorBased\BTVectorBased.cpp(36): message : see reference to function template instantiation 'void VectorTree<std::string>::addAsright(const std::_Vector_iterator<std::_Vector_val<std::_Simple_types<_Ty>>> &,const E &)' being compiled
          with
          [
              _Ty=std::string,
              E=std::string
          ]
C:\Users\saleh\source\repos\CS244_TreeADT_VectorBased\CS244_TreeADT_VectorBased\BTVectorBased.h(92,16): warning C4018: '<=': signed/unsigned mismatch
C:\Users\saleh\source\repos\CS244_TreeADT_VectorBased\CS244_TreeADT_VectorBased\BTVectorBased.h(90): message : while compiling class template member function 'void VectorTree<std::string>::addAsleft(const std::_Vector_iterator<std::_Vector_val<std::_Simple_types<_Ty>>> &,const E &)'
          with
          [
              _Ty=std::string,
              E=std::string
          ]
C:\Users\saleh\source\repos\CS244_TreeADT_VectorBased\CS244_TreeADT_VectorBased\BTVectorBased.cpp(34): message : see reference to function template instantiation 'void VectorTree<std::string>::addAsleft(const std::_Vector_iterator<std::_Vector_val<std::_Simple_types<_Ty>>> &,const E &)' being compiled
          with
          [
              _Ty=std::string,
              E=std::string
          ]
  CS244_TreeADT_VectorBased.vcxproj -> C:\Users\saleh\source\repos\CS244_TreeADT_VectorBased\Debug\CS244_TreeADT_VectorBased.exe
